<?xml version="1.0" encoding="UTF-8"?>
<!-- Generated by org.testng.reporters.JUnitReportReporter -->
<testsuite hostname="Admin-PC" failures="0" tests="1" name="orangeHRM.SearchLeave" time="26.039" errors="0" timestamp="2021-02-09T16:25:25 IST" skipped="0">
  <testcase classname="orangeHRM.SearchLeave" name="selectLeave" time="26.039"/>
  <system-out/>
</testsuite> <!-- orangeHRM.SearchLeave -->
