<?xml version="1.0" encoding="UTF-8"?>
<!-- Generated by org.testng.reporters.JUnitReportReporter -->
<testsuite hostname="Admin-PC" failures="0" tests="1" name="orangeHRM.DeleteUser" time="17.143" errors="0" timestamp="2021-02-09T16:25:25 IST" skipped="0">
  <testcase classname="orangeHRM.DeleteUser" name="deleteUser" time="17.143"/>
  <system-out/>
</testsuite> <!-- orangeHRM.DeleteUser -->
