<?xml version="1.0" encoding="UTF-8"?>
<!-- Generated by org.testng.reporters.JUnitReportReporter -->
<testsuite hostname="Admin-PC" failures="0" tests="1" name="orangeHRM.FileUpload" time="20.619" errors="0" timestamp="2021-02-09T16:25:25 IST" skipped="0">
  <testcase classname="orangeHRM.FileUpload" name="fileUpload" time="20.619"/>
  <system-out/>
</testsuite> <!-- orangeHRM.FileUpload -->
