<?xml version="1.0" encoding="UTF-8"?>
<!-- Generated by org.testng.reporters.JUnitReportReporter -->
<testsuite hostname="Admin-PC" failures="0" tests="1" name="orangeHRM.UserCount" time="15.239" errors="0" timestamp="2021-02-09T16:25:25 IST" skipped="0">
  <testcase classname="orangeHRM.UserCount" name="userEnabledStatusCount" time="15.239"/>
  <system-out/>
</testsuite> <!-- orangeHRM.UserCount -->
