<?xml version="1.0" encoding="UTF-8"?>
<!-- Generated by org.testng.reporters.JUnitReportReporter -->
<testsuite hostname="Admin-PC" failures="0" tests="1" name="orangeHRM.SearchLeave" time="18.292" errors="0" timestamp="10 Feb 2021 03:35:43 GMT">
  <testcase classname="orangeHRM.SearchLeave" name="selectLeave" time="18.292"/>
</testsuite> <!-- orangeHRM.SearchLeave -->
