<?xml version="1.0" encoding="UTF-8"?>
<!-- Generated by org.testng.reporters.JUnitReportReporter -->
<testsuite hostname="Admin-PC" failures="0" tests="1" name="orangeHRM.FileUpload" time="14.582" errors="0" timestamp="10 Feb 2021 03:35:43 GMT">
  <testcase classname="orangeHRM.FileUpload" name="fileUpload" time="14.582"/>
</testsuite> <!-- orangeHRM.FileUpload -->
