<?xml version="1.0" encoding="UTF-8"?>
<!-- Generated by org.testng.reporters.JUnitReportReporter -->
<testsuite hostname="Admin-PC" failures="0" tests="1" name="orangeHRM.UserCount" time="19.275" errors="0" timestamp="10 Feb 2021 03:35:43 GMT">
  <testcase classname="orangeHRM.UserCount" name="userEnabledStatusCount" time="19.275"/>
</testsuite> <!-- orangeHRM.UserCount -->
